<?xml version="1.0" encoding="UTF-8"?>
<!-- Generated by org.testng.reporters.JUnitReportReporter -->
<testsuite hostname="Sakib" failures="0" tests="1" name="day1.test" time="0.001" errors="0" timestamp="2024-11-26T13:07:01 BDT" skipped="0">
  <testcase classname="day1.test" name="testValidLogin" time="0.001"/>
  <system-out/>
</testsuite> <!-- day1.test -->
