<?xml version="1.0" encoding="UTF-8"?>
<!-- Generated by org.testng.reporters.JUnitReportReporter -->
<testsuite hostname="Sakib" failures="0" tests="4" name="day1.Register" time="12.184" errors="0" timestamp="2024-11-26T13:07:01 BDT" skipped="0">
  <testcase classname="day1.Register" name="verifyRegisterWithMandatoryFields" time="3.243"/>
  <system-out/>
  <testcase classname="day1.Register" name="verifyLoginWithAllFields" time="3.254"/>
  <system-out/>
  <testcase classname="day1.Register" name="verifyRegisterLoginWithExistingEmail" time="3.000"/>
  <system-out/>
  <testcase classname="day1.Register" name="verifyRegisterAccWithoutAnyDetails" time="2.687"/>
  <system-out/>
</testsuite> <!-- day1.Register -->
