<?xml version="1.0" encoding="UTF-8"?>
<!-- Generated by org.testng.reporters.JUnitReportReporter -->
<testsuite hostname="Sakib" failures="0" tests="9" name="day2.ParallerTest$DataProviders" time="0.236" errors="0" timestamp="2024-11-26T19:53:26 BDT" skipped="0">
  <testcase classname="day2.ParallerTest$DataProviders" name="testLogo" time="0.097"/>
  <system-out/>
  <testcase classname="day2.ParallerTest$DataProviders" name="testLogo" time="0.031"/>
  <system-out/>
  <testcase classname="day2.ParallerTest$DataProviders" name="testLogo" time="0.051"/>
  <system-out/>
  <testcase classname="day2.ParallerTest$DataProviders" name="testTitle" time="0.014"/>
  <system-out/>
  <testcase classname="day2.ParallerTest$DataProviders" name="testTitle" time="0.007"/>
  <system-out/>
  <testcase classname="day2.ParallerTest$DataProviders" name="testTitle" time="0.013"/>
  <system-out/>
  <testcase classname="day2.ParallerTest$DataProviders" name="testURL" time="0.008"/>
  <system-out/>
  <testcase classname="day2.ParallerTest$DataProviders" name="testURL" time="0.004"/>
  <system-out/>
  <testcase classname="day2.ParallerTest$DataProviders" name="testURL" time="0.011"/>
  <system-out/>
</testsuite> <!-- day2.ParallerTest$DataProviders -->
