<?xml version="1.0" encoding="UTF-8"?>
<!-- Generated by org.testng.reporters.JUnitReportReporter -->
<testsuite hostname="Sakib" failures="0" tests="3" name="day2.ParallerTest$DataProviders" time="0.083" errors="0" timestamp="2024-11-26T19:09:13 BDT" skipped="0">
  <testcase classname="day2.ParallerTest$DataProviders" name="testLogo" time="0.062"/>
  <system-out/>
  <testcase classname="day2.ParallerTest$DataProviders" name="testTitle" time="0.010"/>
  <system-out/>
  <testcase classname="day2.ParallerTest$DataProviders" name="testURL" time="0.011"/>
  <system-out/>
</testsuite> <!-- day2.ParallerTest$DataProviders -->
