<?xml version="1.0" encoding="UTF-8"?>
<!-- Generated by org.testng.reporters.JUnitReportReporter -->
<testsuite hostname="Sakib" failures="0" tests="3" name="day1.Login" time="9.086" errors="0" timestamp="2024-11-26T13:07:01 BDT" skipped="0">
  <testcase classname="day1.Login" name="verifyLogin" time="3.445"/>
  <system-out/>
  <testcase classname="day1.Login" name="verifyLoginInvalidCreds" time="2.731"/>
  <system-out/>
  <testcase classname="day1.Login" name="verifyLoginInvalidPass" time="2.910"/>
  <system-out/>
</testsuite> <!-- day1.Login -->
